[INFO ] 27-02-2023 01:09:21.306 TC001_VerifyLoginLink - Survey Monkey application is opened
[INFO ] 27-02-2023 01:09:21.613 TC001_VerifyLoginLink - Log in link is existing
[INFO ] 27-02-2023 01:09:22.383 TC001_VerifyLoginLink - Survey Monkey application is closed
[INFO ] 27-02-2023 01:10:19.641 TC002_VerifySignupfreeLink - Survey Monkey application is opened
[INFO ] 27-02-2023 01:10:20.017 TC002_VerifySignupfreeLink - Sign up free link is existing
[INFO ] 27-02-2023 01:10:20.814 TC002_VerifySignupfreeLink - Survey Monkey application is closed
[INFO ] 27-02-2023 01:12:50.620 TC001_VerifyLoginLink - Survey Monkey application is opened
[INFO ] 27-02-2023 01:12:51.125 TC001_VerifyLoginLink - Log in link is existing
[INFO ] 27-02-2023 01:12:51.939 TC001_VerifyLoginLink - Survey Monkey application is closed
[INFO ] 27-02-2023 01:12:56.656 TC002_VerifySignupfreeLink - Survey Monkey application is opened
[INFO ] 27-02-2023 01:12:56.955 TC002_VerifySignupfreeLink - Sign up free link is existing
[INFO ] 27-02-2023 01:12:57.628 TC002_VerifySignupfreeLink - Survey Monkey application is closed
[INFO ] 27-02-2023 01:17:44.454 TC001_VerifyLoginLink - Chrome browser is launched
[INFO ] 27-02-2023 01:17:47.072 TC001_VerifyLoginLink - Survey Monkey application is opened
[INFO ] 27-02-2023 01:17:47.376 TC001_VerifyLoginLink - Log in link is existing
[INFO ] 27-02-2023 01:17:48.251 TC001_VerifyLoginLink - Survey Monkey application is closed
[INFO ] 27-02-2023 01:17:49.509 TC002_VerifySignupfreeLink - Chrome browser is launched
[INFO ] 27-02-2023 01:17:52.052 TC002_VerifySignupfreeLink - Survey Monkey application is opened
[INFO ] 27-02-2023 01:17:52.380 TC002_VerifySignupfreeLink - Sign up free link is existing
[INFO ] 27-02-2023 01:17:53.164 TC002_VerifySignupfreeLink - Survey Monkey application is closed
[INFO ] 27-02-2023 01:18:18.966 TC001_VerifyLoginLink - Edge browser is launched
[INFO ] 27-02-2023 01:18:44.595 TC001_VerifyLoginLink - Survey Monkey application is opened
[INFO ] 27-02-2023 01:18:44.737 TC001_VerifyLoginLink - Log in link is existing
[INFO ] 27-02-2023 01:18:45.604 TC001_VerifyLoginLink - Survey Monkey application is closed
[INFO ] 27-02-2023 01:18:46.997 TC002_VerifySignupfreeLink - Edge browser is launched
[INFO ] 27-02-2023 01:18:52.504 TC002_VerifySignupfreeLink - Survey Monkey application is opened
[INFO ] 27-02-2023 01:18:52.639 TC002_VerifySignupfreeLink - Sign up free link is existing
[INFO ] 27-02-2023 01:18:53.689 TC002_VerifySignupfreeLink - Survey Monkey application is closed
[INFO ] 27-02-2023 01:22:49.715 TC001_VerifyLoginLink - Edge browser is launched
[INFO ] 27-02-2023 01:22:54.958 TC001_VerifyLoginLink - Survey Monkey application is opened
[INFO ] 27-02-2023 01:22:55.239 TC001_VerifyLoginLink - Log in link is existing
[INFO ] 27-02-2023 01:22:56.233 TC001_VerifyLoginLink - Survey Monkey application is closed
[INFO ] 27-02-2023 01:22:57.591 TC002_VerifySignupfreeLink - Edge browser is launched
[INFO ] 27-02-2023 01:23:02.796 TC002_VerifySignupfreeLink - Survey Monkey application is opened
[INFO ] 27-02-2023 01:23:02.973 TC002_VerifySignupfreeLink - Sign up free link is existing
[INFO ] 27-02-2023 01:23:03.915 TC002_VerifySignupfreeLink - Survey Monkey application is closed
[INFO ] 27-02-2023 01:25:16.802 TC001_VerifyLoginLink - Edge browser is launched
[INFO ] 27-02-2023 01:25:19.502 TC001_VerifyLoginLink - Survey Monkey application is opened
[INFO ] 27-02-2023 01:25:19.828 TC001_VerifyLoginLink - Log in link is existing
[INFO ] 27-02-2023 01:25:20.747 TC001_VerifyLoginLink - Survey Monkey application is closed
[INFO ] 27-02-2023 01:25:22.129 TC002_VerifySignupfreeLink - Edge browser is launched
[INFO ] 27-02-2023 01:25:27.437 TC002_VerifySignupfreeLink - Survey Monkey application is opened
[INFO ] 27-02-2023 01:25:27.645 TC002_VerifySignupfreeLink - Sign up free link is existing
[INFO ] 27-02-2023 01:25:28.595 TC002_VerifySignupfreeLink - Survey Monkey application is closed
[INFO ] 27-02-2023 01:27:16.223 TC001_VerifyLoginLink - Edge browser is launched
[INFO ] 27-02-2023 01:27:21.680 TC001_VerifyLoginLink - Survey Monkey application is opened
[INFO ] 27-02-2023 01:27:21.928 TC001_VerifyLoginLink - Log in link is existing
[INFO ] 27-02-2023 01:27:22.813 TC001_VerifyLoginLink - Survey Monkey application is closed
[INFO ] 27-02-2023 01:27:24.203 TC002_VerifySignupfreeLink - Edge browser is launched
[INFO ] 27-02-2023 01:27:26.823 TC002_VerifySignupfreeLink - Survey Monkey application is opened
[INFO ] 27-02-2023 01:27:27.116 TC002_VerifySignupfreeLink - Sign up free link is existing
[INFO ] 27-02-2023 01:27:28.001 TC002_VerifySignupfreeLink - Survey Monkey application is closed
[INFO ] 27-02-2023 01:28:06.238 TC001_VerifyLoginLink - Edge browser is launched
[INFO ] 27-02-2023 01:28:11.283 TC001_VerifyLoginLink - Survey Monkey application is opened
[INFO ] 27-02-2023 01:28:11.517 TC001_VerifyLoginLink - Log in link is existing
[INFO ] 27-02-2023 01:28:12.399 TC001_VerifyLoginLink - Survey Monkey application is closed
[INFO ] 27-02-2023 01:28:13.783 TC002_VerifySignupfreeLink - Edge browser is launched
[INFO ] 27-02-2023 01:28:16.367 TC002_VerifySignupfreeLink - Survey Monkey application is opened
[INFO ] 27-02-2023 01:28:16.687 TC002_VerifySignupfreeLink - Sign up free link is existing
[INFO ] 27-02-2023 01:28:17.591 TC002_VerifySignupfreeLink - Survey Monkey application is closed
